[MapLoader] Loaded map: ANT_TUNNEL
[MapLoader] Loaded map: BACKROOMS
[MapLoader] Loaded map: CAVE
[MapLoader] Loaded map: DEFAULT
[MapLoader] Loaded map: FOREST
[MapLoader] Loaded map: INFERNO
[MapLoader] Loaded map: LAVA_RUN
[MapLoader] Loaded map: MAZE
[MapLoader] Loaded map: MAZE_BIG
[MapLoader] Loaded map: MUD_RUN
[MapLoader] Loaded map: OFFICE
[MapLoader] Loaded map: SPEEDWAY
[MapLoader] Loaded map: STADIUM
[Server] Maps loaded: ANT_TUNNEL, BACKROOMS, CAVE, DEFAULT, FOREST, INFERNO, LAVA_RUN, MAZE, MAZE_BIG, MUD_RUN, OFFICE, SPEEDWAY, STADIUM
[MapAnalysis] Found 3 regions. Main region size: 198 tiles.
?쒕쾭 ?ㅽ뻾: http://localhost:3000
?대씪?댁뼵???묒냽: Rr9dZGymAAQY_TFaAAAB
?꾩씠???앹꽦: speed at (288, 288)
?꾩씠???앹꽦: speed at (448, 32)
?대씪?댁뼵???묒냽: NjGH0yQPZCGsU5z6AAAD
?꾩씠???앹꽦: speed at (256, 32)
?대씪?댁뼵???묒냽: yv1YpperPmT0sPygAAAF
寃뚯엫 ?낆옣: Player999
[BotStatus] ?쨼Bot_bot_ Pos:(192,416) Dir:(0.00,0.00) Stun:0 Frozen:false Target:192,416
?꾩씠???앹꽦: banana at (64, 128)
[BotStatus] ?쨼Bot_bot_ Pos:(192,416) Dir:(0.00,0.00) Stun:0 Frozen:false Target:192,416
[BotStatus] ?쨼Bot_bot_ Pos:(192,416) Dir:(0.00,0.00) Stun:0 Frozen:false Target:192,416
[BotStatus] ?쨼Bot_bot_ Pos:(192,416) Dir:(0.00,0.00) Stun:0 Frozen:false Target:192,416
[BotStatus] ?쨼Bot_bot_ Pos:(192,416) Dir:(0.00,0.00) Stun:0 Frozen:false Target:192,416
?꾩씠???앹꽦: banana at (352, 416)
[BotStatus] ?쨼Bot_bot_ Pos:(192,416) Dir:(0.00,0.00) Stun:0 Frozen:false Target:192,416
[BotStatus] ?쨼Bot_bot_ Pos:(192,416) Dir:(0.00,0.00) Stun:0 Frozen:false Target:192,416
[BotStatus] ?쨼Bot_bot_ Pos:(192,416) Dir:(0.00,0.00) Stun:0 Frozen:false Target:192,416
[BotStatus] ?쨼Bot_bot_ Pos:(192,416) Dir:(0.00,0.00) Stun:0 Frozen:false Target:192,416
[BotStatus] ?쨼Bot_bot_ Pos:(192,416) Dir:(0.00,0.00) Stun:0 Frozen:false Target:192,416
?꾩씠???앹꽦: banana at (192, 96)
[BotStatus] ?쨼Bot_bot_ Pos:(192,416) Dir:(0.00,0.00) Stun:0 Frozen:false Target:192,416
[BotStatus] ?쨼Bot_bot_ Pos:(192,416) Dir:(0.00,0.00) Stun:0 Frozen:false Target:192,416
[BotStatus] ?쨼Bot_bot_ Pos:(192,416) Dir:(0.00,0.00) Stun:0 Frozen:false Target:192,416
[BotStatus] ?쨼Bot_bot_ Pos:(192,416) Dir:(0.00,0.00) Stun:0 Frozen:false Target:192,416
[BotStatus] ?쨼Bot_bot_ Pos:(192,416) Dir:(0.00,0.00) Stun:0 Frozen:false Target:192,416
[BotStatus] ?쨼Bot_bot_ Pos:(192,416) Dir:(0.00,0.00) Stun:0 Frozen:false Target:192,416
[BotStatus] ?쨼Bot_bot_ Pos:(192,416) Dir:(0.00,0.00) Stun:0 Frozen:false Target:192,416
[BotStatus] ?쨼Bot_bot_ Pos:(192,416) Dir:(0.00,0.00) Stun:0 Frozen:false Target:192,416
[BotStatus] ?쨼Bot_bot_ Pos:(192,416) Dir:(0.00,0.00) Stun:0 Frozen:false Target:192,416
[BotStatus] ?쨼Bot_bot_ Pos:(192,416) Dir:(0.00,0.00) Stun:0 Frozen:false Target:192,416
[BotStatus] ?쨼Bot_bot_ Pos:(192,416) Dir:(0.00,0.00) Stun:0 Frozen:false Target:192,416
[BotStatus] ?쨼Bot_bot_ Pos:(192,416) Dir:(0.00,0.00) Stun:0 Frozen:false Target:192,416
[BotStatus] ?쨼Bot_bot_ Pos:(192,416) Dir:(0.00,0.00) Stun:0 Frozen:false Target:192,416
[BotStatus] ?쨼Bot_bot_ Pos:(192,416) Dir:(0.00,0.00) Stun:0 Frozen:false Target:192,416
[BotStatus] ?쨼Bot_bot_ Pos:(192,416) Dir:(0.00,0.00) Stun:0 Frozen:false Target:192,416
[BotStatus] ?쨼Bot_bot_ Pos:(192,416) Dir:(0.00,0.00) Stun:0 Frozen:false Target:192,416
[BotStatus] ?쨼Bot_bot_ Pos:(192,416) Dir:(0.00,0.00) Stun:0 Frozen:false Target:192,416
[BotStatus] ?쨼Bot_bot_ Pos:(192,416) Dir:(0.00,0.00) Stun:0 Frozen:false Target:192,416
[BotStatus] ?쨼Bot_bot_ Pos:(192,416) Dir:(0.00,0.00) Stun:0 Frozen:false Target:192,416
[BotStatus] ?쨼Bot_bot_ Pos:(192,416) Dir:(0.00,0.00) Stun:0 Frozen:false Target:192,416
[BotStatus] ?쨼Bot_bot_ Pos:(192,416) Dir:(0.00,0.00) Stun:0 Frozen:false Target:192,416
[BotStatus] ?쨼Bot_bot_ Pos:(192,416) Dir:(0.00,0.00) Stun:0 Frozen:false Target:192,416
[BotStatus] ?쨼Bot_bot_ Pos:(192,416) Dir:(0.00,0.00) Stun:0 Frozen:false Target:192,416
[BotStatus] ?쨼Bot_bot_ Pos:(192,416) Dir:(0.00,0.00) Stun:0 Frozen:false Target:192,416
[BotStatus] ?쨼Bot_bot_ Pos:(192,416) Dir:(0.00,0.00) Stun:0 Frozen:false Target:192,416
[BotStatus] ?쨼Bot_bot_ Pos:(192,416) Dir:(0.00,0.00) Stun:0 Frozen:false Target:192,416
[BotStatus] ?쨼Bot_bot_ Pos:(192,416) Dir:(0.00,0.00) Stun:0 Frozen:false Target:192,416
[BotStatus] ?쨼Bot_bot_ Pos:(192,416) Dir:(0.00,0.00) Stun:0 Frozen:false Target:192,416
[BotStatus] ?쨼Bot_bot_ Pos:(192,416) Dir:(0.00,0.00) Stun:0 Frozen:false Target:192,416
[BotStatus] ?쨼Bot_bot_ Pos:(192,416) Dir:(0.00,0.00) Stun:0 Frozen:false Target:192,416
[BotStatus] ?쨼Bot_bot_ Pos:(192,416) Dir:(0.00,0.00) Stun:0 Frozen:false Target:192,416
[BotStatus] ?쨼Bot_bot_ Pos:(192,416) Dir:(0.00,0.00) Stun:0 Frozen:false Target:192,416
[BotStatus] ?쨼Bot_bot_ Pos:(192,416) Dir:(0.00,0.00) Stun:0 Frozen:false Target:192,416
[BotStatus] ?쨼Bot_bot_ Pos:(192,416) Dir:(0.00,0.00) Stun:0 Frozen:false Target:192,416
[BotStatus] ?쨼Bot_bot_ Pos:(192,416) Dir:(0.00,0.00) Stun:0 Frozen:false Target:192,416
[BotStatus] ?쨼Bot_bot_ Pos:(192,416) Dir:(0.00,0.00) Stun:0 Frozen:false Target:192,416
[BotStatus] ?쨼Bot_bot_ Pos:(192,416) Dir:(0.00,0.00) Stun:0 Frozen:false Target:192,416
[BotStatus] ?쨼Bot_bot_ Pos:(192,416) Dir:(0.00,0.00) Stun:0 Frozen:false Target:192,416
[BotStatus] ?쨼Bot_bot_ Pos:(192,416) Dir:(0.00,0.00) Stun:0 Frozen:false Target:192,416
[BotStatus] ?쨼Bot_bot_ Pos:(192,416) Dir:(0.00,0.00) Stun:0 Frozen:false Target:192,416
[BotStatus] ?쨼Bot_bot_ Pos:(192,416) Dir:(0.00,0.00) Stun:0 Frozen:false Target:192,416
[BotStatus] ?쨼Bot_bot_ Pos:(192,416) Dir:(0.00,0.00) Stun:0 Frozen:false Target:192,416
[BotStatus] ?쨼Bot_bot_ Pos:(192,416) Dir:(0.00,0.00) Stun:0 Frozen:false Target:192,416
[BotStatus] ?쨼Bot_bot_ Pos:(192,416) Dir:(0.00,0.00) Stun:0 Frozen:false Target:192,416
[BotStatus] ?쨼Bot_bot_ Pos:(192,416) Dir:(0.00,0.00) Stun:0 Frozen:false Target:192,416
[BotStatus] ?쨼Bot_bot_ Pos:(192,416) Dir:(0.00,0.00) Stun:0 Frozen:false Target:192,416
[BotStatus] ?쨼Bot_bot_ Pos:(192,416) Dir:(0.00,0.00) Stun:0 Frozen:false Target:192,416
[BotStatus] ?쨼Bot_bot_ Pos:(192,416) Dir:(0.00,0.00) Stun:0 Frozen:false Target:192,416
[BotStatus] ?쨼Bot_bot_ Pos:(192,416) Dir:(0.00,0.00) Stun:0 Frozen:false Target:192,416
[BotStatus] ?쨼Bot_bot_ Pos:(192,416) Dir:(0.00,0.00) Stun:0 Frozen:false Target:192,416
[BotStatus] ?쨼Bot_bot_ Pos:(192,416) Dir:(0.00,0.00) Stun:0 Frozen:false Target:192,416
[BotStatus] ?쨼Bot_bot_ Pos:(192,416) Dir:(0.00,0.00) Stun:0 Frozen:false Target:192,416
[BotStatus] ?쨼Bot_bot_ Pos:(192,416) Dir:(0.00,0.00) Stun:0 Frozen:false Target:192,416
[BotStatus] ?쨼Bot_bot_ Pos:(192,416) Dir:(0.00,0.00) Stun:0 Frozen:false Target:192,416
[BotStatus] ?쨼Bot_bot_ Pos:(192,416) Dir:(0.00,0.00) Stun:0 Frozen:false Target:192,416
[BotStatus] ?쨼Bot_bot_ Pos:(192,416) Dir:(0.00,0.00) Stun:0 Frozen:false Target:192,416
[BotStatus] ?쨼Bot_bot_ Pos:(192,416) Dir:(0.00,0.00) Stun:0 Frozen:false Target:192,416
[BotStatus] ?쨼Bot_bot_ Pos:(192,416) Dir:(0.00,0.00) Stun:0 Frozen:false Target:192,416
[BotStatus] ?쨼Bot_bot_ Pos:(192,416) Dir:(0.00,0.00) Stun:0 Frozen:false Target:192,416
[BotStatus] ?쨼Bot_bot_ Pos:(192,416) Dir:(0.00,0.00) Stun:0 Frozen:false Target:192,416
[BotStatus] ?쨼Bot_bot_ Pos:(192,416) Dir:(0.00,0.00) Stun:0 Frozen:false Target:192,416
[BotStatus] ?쨼Bot_bot_ Pos:(192,416) Dir:(0.00,0.00) Stun:0 Frozen:false Target:192,416
[BotStatus] ?쨼Bot_bot_ Pos:(192,416) Dir:(0.00,0.00) Stun:0 Frozen:false Target:192,416
[BotStatus] ?쨼Bot_bot_ Pos:(192,416) Dir:(0.00,0.00) Stun:0 Frozen:false Target:192,416
[BotStatus] ?쨼Bot_bot_ Pos:(192,416) Dir:(0.00,0.00) Stun:0 Frozen:false Target:192,416
[BotStatus] ?쨼Bot_bot_ Pos:(192,416) Dir:(0.00,0.00) Stun:0 Frozen:false Target:192,416
[BotStatus] ?쨼Bot_bot_ Pos:(192,416) Dir:(0.00,0.00) Stun:0 Frozen:false Target:192,416
[BotStatus] ?쨼Bot_bot_ Pos:(192,416) Dir:(0.00,0.00) Stun:0 Frozen:false Target:192,416
[BotStatus] ?쨼Bot_bot_ Pos:(192,416) Dir:(0.00,0.00) Stun:0 Frozen:false Target:192,416
[BotStatus] ?쨼Bot_bot_ Pos:(192,416) Dir:(0.00,0.00) Stun:0 Frozen:false Target:192,416
[BotStatus] ?쨼Bot_bot_ Pos:(192,416) Dir:(0.00,0.00) Stun:0 Frozen:false Target:192,416
[BotStatus] ?쨼Bot_bot_ Pos:(192,416) Dir:(0.00,0.00) Stun:0 Frozen:false Target:192,416
[BotStatus] ?쨼Bot_bot_ Pos:(192,416) Dir:(0.00,0.00) Stun:0 Frozen:false Target:192,416
[BotStatus] ?쨼Bot_bot_ Pos:(192,416) Dir:(0.00,0.00) Stun:0 Frozen:false Target:192,416
[BotStatus] ?쨼Bot_bot_ Pos:(192,416) Dir:(0.00,0.00) Stun:0 Frozen:false Target:192,416
[BotStatus] ?쨼Bot_bot_ Pos:(192,416) Dir:(0.00,0.00) Stun:0 Frozen:false Target:192,416
[BotStatus] ?쨼Bot_bot_ Pos:(192,416) Dir:(0.00,0.00) Stun:0 Frozen:false Target:192,416
[BotStatus] ?쨼Bot_bot_ Pos:(192,416) Dir:(0.00,0.00) Stun:0 Frozen:false Target:192,416
[BotStatus] ?쨼Bot_bot_ Pos:(192,416) Dir:(0.00,0.00) Stun:0 Frozen:false Target:192,416
[BotStatus] ?쨼Bot_bot_ Pos:(192,416) Dir:(0.00,0.00) Stun:0 Frozen:false Target:192,416
