[2025-12-30 19:42:21]
> 사용자: 
# 프로젝트 시스템 지침

## 1. 언어 사용 규칙 (Language Rule)
- 사용자에게 답변할 때는 물론이고, **작업 계획(Plan)을 수립하거나 사용자에게 되물을 때(Clarification)에도 반드시 '한국어'를 사용하세요.** 이모티콘은 절대 사용하지 마세요.

## 2. 개발 로그 기록 (user.log)
[중요 원칙: 로그 파일 관리]
'user.log' 같은 기록 파일을 다룰 때는 절대로 '덮어쓰기(Overwrite)'로 기존 내용을 날리지 마시오.
반드시 1. 기존 파일 내용을 먼저 읽고(Read), 2. 그 뒤에 새 내용을 이어 붙여서(Append), 3. 전체 내용을 다시 저장하시오.
"새로운 로그만 작성하지 말고, 전체 히스토리가 유지되도록 하라."
- 모든 대화 턴마다 `user.log` 파일에 아래 내용을 시간순(Append)으로 기록하세요. 절대과거로그를 지우지마세요.
- 방식: `run_command` 대신 반드시 `write_to_file`을 사용하여 승인 절차 없이 즉시 기록할 것.
- 양식:
  ```
  [년 월 일 시간]
  > 사용자: (프롬프트 원문 100%)
  > 작업: (AI 작업 요약 50자 내외)
  ```

## 3. 패치 노트 관리 (PATCH_NOTES.js)
- 주요 변경 사항(기능 추가, 버그 수정 등)이 있을 때만 내용을 정리하여 추가하세요.
- 양식:
  ```
  ---------
  [년 월 일]
  - 변경 사항 1
  - 변경 사항 2
  ---------
  ```

## 4. 작업 시작 루틴 (Startup Routine)
AI는 작업을 시작할 때 다음 로직을 **반드시** 따르세요:

1. **`user.log` 파일 존재 여부 확인**
   - **있다면 (기존 프로젝트 이어서 진행)**:
     - 내용을 읽고 그동안의 대화 흐름, 작업 내역, 사용자 선호도를 파악하세요.
     - 그 후 작업을 이어서 진행하세요.
   - **없다면 (새 프로젝트 시작)**:
     - `user.log` 파일을 새로 생성하세요.
     - 위 1~3번 지침(언어, 로그 양식, 패치노트)을 준수하며 평소대로 작업을 시작하세요.

> 작업: 프로젝트 초기화, user.log 생성 및 시스템 지침 접수

[2025-12-30 19:48:44]
> 사용자: 우리는 간단한 술래잡기 게임을 만들거야.
간단한 게임을 만드는 동안 내게 깃이랑 깃허브를 사용하는 방법을 알려주면서 버전을 나눌 수 있도록 도와줘
술래잡기 게임은 천천히 구현해보자
근데 이게 구현이 가능할지는 모르겠어. 일단
 타일형 맵에서 상하좌우로 움직이는 실시간 온라인 게임이었으면 좋겠어 마치 쯔꾸르 게임처럼 말이지
> 작업: Git/GitHub 학습 지원 및 타일형 실시간 온라인 술래잡기 게임 기획

[2025-12-30 20:06:48]
> 사용자: 동의하고, 응. 깃허브 계정은 있을거야.
> 작업: 개발 계획 확정 및 v0.1(기본 이동) 구현 준비 시작

[2025-12-30 20:10:10]
> 사용자: 그래 시작해보자
만들고 나서 그 버전을 깃허브에 저장하는 법도 알려줘
> 작업: v0.1 구현(HTML/CSS/JS 생성, 이동 로직) 및 Git 커밋 준비
